#
# There is insufficient memory for the Java Runtime Environment to continue.
# Native memory allocation (mmap) failed to map 402653184 bytes for committing reserved memory.
# Possible reasons:
#   The system is out of physical RAM or swap space
#   In 32 bit mode, the process size limit was hit
# Possible solutions:
#   Reduce memory load on the system
#   Increase physical memory or swap space
#   Check if swap backing store is full
#   Use 64 bit Java on a 64 bit OS
#   Decrease Java heap size (-Xmx/-Xms)
#   Decrease number of Java threads
#   Decrease Java thread stack sizes (-Xss)
#   Set larger code cache with -XX:ReservedCodeCacheSize=
# This output file may be truncated or incomplete.
#
#  Out of Memory Error (os_linux.cpp:2643), pid=15603, tid=0x00007fe4c5888700
#
# JRE version:  (8.0_171-b11) (build )
# Java VM: OpenJDK 64-Bit Server VM (25.171-b11 mixed mode linux-amd64 compressed oops)
# Failed to write core dump. Core dumps have been disabled. To enable core dumping, try "ulimit -c unlimited" before starting Java again
#

---------------  T H R E A D  ---------------

Current thread (0x00007fe4bc00b800):  JavaThread "Unknown thread" [_thread_in_vm, id=15604, stack(0x00007fe4c5788000,0x00007fe4c5889000)]

Stack: [0x00007fe4c5788000,0x00007fe4c5889000],  sp=0x00007fe4c5887560,  free space=1021k
Native frames: (J=compiled Java code, j=interpreted, Vv=VM code, C=native code)
V  [libjvm.so+0xaab4b2]
V  [libjvm.so+0x4d7a57]
V  [libjvm.so+0x8e6740]
V  [libjvm.so+0x8e0c9e]
V  [libjvm.so+0x9614b6]
V  [libjvm.so+0x9047cf]
V  [libjvm.so+0x95960e]
V  [libjvm.so+0x90e605]
V  [libjvm.so+0xa6daaa]
V  [libjvm.so+0xa6dd95]
V  [libjvm.so+0x623d5f]
V  [libjvm.so+0xa514eb]
V  [libjvm.so+0x6a6db1]  JNI_CreateJavaVM+0x61
C  [libjli.so+0x2ce3]
C  [libjli.so+0x777d]
C  [libpthread.so.0+0x77fc]  start_thread+0xdc


---------------  P R O C E S S  ---------------

Java Threads: ( => current thread )

Other Threads:

=>0x00007fe4bc00b800 (exited) JavaThread "Unknown thread" [_thread_in_vm, id=15604, stack(0x00007fe4c5788000,0x00007fe4c5889000)]

VM state:not at safepoint (not fully initialized)

VM Mutex/Monitor currently owned by a thread: None

GC Heap History (0 events):
No events

Deoptimization events (0 events):
No events

Classes redefined (0 events):
No events

Internal exceptions (0 events):
No events

Events (0 events):
No events


Dynamic libraries:
4c0000000-4d5580000 rw-p 00000000 00:00 0 
4d5580000-6c0000000 ---p 00000000 00:00 0 
6c0000000-6caa80000 rw-p 00000000 00:00 0 
6caa80000-7c0000000 ---p 00000000 00:00 0 
5604a0992000-5604a0993000 r-xp 00000000 08:01 945319                     /usr/lib/jvm/java-8-openjdk-amd64/jre/bin/java
5604a0b92000-5604a0b93000 r--p 00000000 08:01 945319                     /usr/lib/jvm/java-8-openjdk-amd64/jre/bin/java
5604a0b93000-5604a0b94000 rw-p 00001000 08:01 945319                     /usr/lib/jvm/java-8-openjdk-amd64/jre/bin/java
5604a2930000-5604a2951000 rw-p 00000000 00:00 0                          [heap]
7fe4a4000000-7fe4a4021000 rw-p 00000000 00:00 0 
7fe4a4021000-7fe4a8000000 ---p 00000000 00:00 0 
7fe4a8000000-7fe4a8021000 rw-p 00000000 00:00 0 
7fe4a8021000-7fe4ac000000 ---p 00000000 00:00 0 
7fe4ac000000-7fe4ac0ab000 rw-p 00000000 00:00 0 
7fe4ac0ab000-7fe4ad000000 ---p 00000000 00:00 0 
7fe4ad000000-7fe4ad270000 rwxp 00000000 00:00 0 
7fe4ad270000-7fe4bc000000 ---p 00000000 00:00 0 
7fe4bc000000-7fe4bc039000 rw-p 00000000 00:00 0 
7fe4bc039000-7fe4c0000000 ---p 00000000 00:00 0 
7fe4c038a000-7fe4c038b000 ---p 00000000 00:00 0 
7fe4c038b000-7fe4c048b000 rw-p 00000000 00:00 0 
7fe4c048b000-7fe4c048c000 ---p 00000000 00:00 0 
7fe4c048c000-7fe4c0637000 rw-p 00000000 00:00 0 
7fe4c0637000-7fe4c158c000 ---p 00000000 00:00 0 
7fe4c158c000-7fe4c15e2000 rw-p 00000000 00:00 0 
7fe4c15e2000-7fe4c1d8c000 ---p 00000000 00:00 0 
7fe4c1d8c000-7fe4c1d97000 rw-p 00000000 00:00 0 
7fe4c1d97000-7fe4c214d000 ---p 00000000 00:00 0 
7fe4c214d000-7fe4c2155000 r-xp 00000000 08:01 1074831                    /usr/lib/jvm/java-8-openjdk-amd64/jre/lib/amd64/libzip.so
7fe4c2155000-7fe4c2354000 ---p 00008000 08:01 1074831                    /usr/lib/jvm/java-8-openjdk-amd64/jre/lib/amd64/libzip.so
7fe4c2354000-7fe4c2355000 r--p 00007000 08:01 1074831                    /usr/lib/jvm/java-8-openjdk-amd64/jre/lib/amd64/libzip.so
7fe4c2355000-7fe4c2356000 rw-p 00008000 08:01 1074831                    /usr/lib/jvm/java-8-openjdk-amd64/jre/lib/amd64/libzip.so
7fe4c2356000-7fe4c2361000 r-xp 00000000 08:01 1584631                    /lib/x86_64-linux-gnu/libnss_files-2.26.so
7fe4c2361000-7fe4c2560000 ---p 0000b000 08:01 1584631                    /lib/x86_64-linux-gnu/libnss_files-2.26.so
7fe4c2560000-7fe4c2561000 r--p 0000a000 08:01 1584631                    /lib/x86_64-linux-gnu/libnss_files-2.26.so
7fe4c2561000-7fe4c2562000 rw-p 0000b000 08:01 1584631                    /lib/x86_64-linux-gnu/libnss_files-2.26.so
7fe4c2562000-7fe4c2568000 rw-p 00000000 00:00 0 
7fe4c2568000-7fe4c2573000 r-xp 00000000 08:01 1584633                    /lib/x86_64-linux-gnu/libnss_nis-2.26.so
7fe4c2573000-7fe4c2772000 ---p 0000b000 08:01 1584633                    /lib/x86_64-linux-gnu/libnss_nis-2.26.so
7fe4c2772000-7fe4c2773000 r--p 0000a000 08:01 1584633                    /lib/x86_64-linux-gnu/libnss_nis-2.26.so
7fe4c2773000-7fe4c2774000 rw-p 0000b000 08:01 1584633                    /lib/x86_64-linux-gnu/libnss_nis-2.26.so
7fe4c2774000-7fe4c278b000 r-xp 00000000 08:01 1584628                    /lib/x86_64-linux-gnu/libnsl-2.26.so
7fe4c278b000-7fe4c298a000 ---p 00017000 08:01 1584628                    /lib/x86_64-linux-gnu/libnsl-2.26.so
7fe4c298a000-7fe4c298b000 r--p 00016000 08:01 1584628                    /lib/x86_64-linux-gnu/libnsl-2.26.so
7fe4c298b000-7fe4c298c000 rw-p 00017000 08:01 1584628                    /lib/x86_64-linux-gnu/libnsl-2.26.so
7fe4c298c000-7fe4c298e000 rw-p 00000000 00:00 0 
7fe4c298e000-7fe4c2996000 r-xp 00000000 08:01 1584629                    /lib/x86_64-linux-gnu/libnss_compat-2.26.so
7fe4c2996000-7fe4c2b95000 ---p 00008000 08:01 1584629                    /lib/x86_64-linux-gnu/libnss_compat-2.26.so
7fe4c2b95000-7fe4c2b96000 r--p 00007000 08:01 1584629                    /lib/x86_64-linux-gnu/libnss_compat-2.26.so
7fe4c2b96000-7fe4c2b97000 rw-p 00008000 08:01 1584629                    /lib/x86_64-linux-gnu/libnss_compat-2.26.so
7fe4c2b97000-7fe4c2bc5000 r-xp 00000000 08:01 1074812                    /usr/lib/jvm/java-8-openjdk-amd64/jre/lib/amd64/libjava.so
7fe4c2bc5000-7fe4c2dc4000 ---p 0002e000 08:01 1074812                    /usr/lib/jvm/java-8-openjdk-amd64/jre/lib/amd64/libjava.so
7fe4c2dc4000-7fe4c2dc5000 r--p 0002d000 08:01 1074812                    /usr/lib/jvm/java-8-openjdk-amd64/jre/lib/amd64/libjava.so
7fe4c2dc5000-7fe4c2dc7000 rw-p 0002e000 08:01 1074812                    /usr/lib/jvm/java-8-openjdk-amd64/jre/lib/amd64/libjava.so
7fe4c2dc7000-7fe4c2dd7000 r-xp 00000000 08:01 1074830                    /usr/lib/jvm/java-8-openjdk-amd64/jre/lib/amd64/libverify.so
7fe4c2dd7000-7fe4c2fd6000 ---p 00010000 08:01 1074830                    /usr/lib/jvm/java-8-openjdk-amd64/jre/lib/amd64/libverify.so
7fe4c2fd6000-7fe4c2fd8000 r--p 0000f000 08:01 1074830                    /usr/lib/jvm/java-8-openjdk-amd64/jre/lib/amd64/libverify.so
7fe4c2fd8000-7fe4c2fd9000 rw-p 00011000 08:01 1074830                    /usr/lib/jvm/java-8-openjdk-amd64/jre/lib/amd64/libverify.so
7fe4c2fd9000-7fe4c2fe0000 r-xp 00000000 08:01 1584638                    /lib/x86_64-linux-gnu/librt-2.26.so
7fe4c2fe0000-7fe4c31df000 ---p 00007000 08:01 1584638                    /lib/x86_64-linux-gnu/librt-2.26.so
7fe4c31df000-7fe4c31e0000 r--p 00006000 08:01 1584638                    /lib/x86_64-linux-gnu/librt-2.26.so
7fe4c31e0000-7fe4c31e1000 rw-p 00007000 08:01 1584638                    /lib/x86_64-linux-gnu/librt-2.26.so
7fe4c31e1000-7fe4c31f7000 r-xp 00000000 08:01 1578302                    /lib/x86_64-linux-gnu/libgcc_s.so.1
7fe4c31f7000-7fe4c33f6000 ---p 00016000 08:01 1578302                    /lib/x86_64-linux-gnu/libgcc_s.so.1
7fe4c33f6000-7fe4c33f7000 r--p 00015000 08:01 1578302                    /lib/x86_64-linux-gnu/libgcc_s.so.1
7fe4c33f7000-7fe4c33f8000 rw-p 00016000 08:01 1578302                    /lib/x86_64-linux-gnu/libgcc_s.so.1
7fe4c33f8000-7fe4c354d000 r-xp 00000000 08:01 1578507                    /lib/x86_64-linux-gnu/libm-2.26.so
7fe4c354d000-7fe4c374c000 ---p 00155000 08:01 1578507                    /lib/x86_64-linux-gnu/libm-2.26.so
7fe4c374c000-7fe4c374d000 r--p 00154000 08:01 1578507                    /lib/x86_64-linux-gnu/libm-2.26.so
7fe4c374d000-7fe4c374e000 rw-p 00155000 08:01 1578507                    /lib/x86_64-linux-gnu/libm-2.26.so
7fe4c374e000-7fe4c38c6000 r-xp 00000000 08:01 657603                     /usr/lib/x86_64-linux-gnu/libstdc++.so.6.0.24
7fe4c38c6000-7fe4c3ac5000 ---p 00178000 08:01 657603                     /usr/lib/x86_64-linux-gnu/libstdc++.so.6.0.24
7fe4c3ac5000-7fe4c3acf000 r--p 00177000 08:01 657603                     /usr/lib/x86_64-linux-gnu/libstdc++.so.6.0.24
7fe4c3acf000-7fe4c3ad1000 rw-p 00181000 08:01 657603                     /usr/lib/x86_64-linux-gnu/libstdc++.so.6.0.24
7fe4c3ad1000-7fe4c3ad4000 rw-p 00000000 00:00 0 
7fe4c3ad4000-7fe4c4765000 r-xp 00000000 08:01 1074834                    /usr/lib/jvm/java-8-openjdk-amd64/jre/lib/amd64/server/libjvm.so
7fe4c4765000-7fe4c4965000 ---p 00c91000 08:01 1074834                    /usr/lib/jvm/java-8-openjdk-amd64/jre/lib/amd64/server/libjvm.so
7fe4c4965000-7fe4c49f8000 r--p 00c91000 08:01 1074834                    /usr/lib/jvm/java-8-openjdk-amd64/jre/lib/amd64/server/libjvm.so
7fe4c49f8000-7fe4c4a20000 rw-p 00d24000 08:01 1074834                    /usr/lib/jvm/java-8-openjdk-amd64/jre/lib/amd64/server/libjvm.so
7fe4c4a20000-7fe4c4a51000 rw-p 00000000 00:00 0 
7fe4c4a51000-7fe4c4a6b000 r-xp 00000000 08:01 1584636                    /lib/x86_64-linux-gnu/libpthread-2.26.so
7fe4c4a6b000-7fe4c4c6a000 ---p 0001a000 08:01 1584636                    /lib/x86_64-linux-gnu/libpthread-2.26.so
7fe4c4c6a000-7fe4c4c6b000 r--p 00019000 08:01 1584636                    /lib/x86_64-linux-gnu/libpthread-2.26.so
7fe4c4c6b000-7fe4c4c6c000 rw-p 0001a000 08:01 1584636                    /lib/x86_64-linux-gnu/libpthread-2.26.so
7fe4c4c6c000-7fe4c4c70000 rw-p 00000000 00:00 0 
7fe4c4c70000-7fe4c4c73000 r-xp 00000000 08:01 1578504                    /lib/x86_64-linux-gnu/libdl-2.26.so
7fe4c4c73000-7fe4c4e72000 ---p 00003000 08:01 1578504                    /lib/x86_64-linux-gnu/libdl-2.26.so
7fe4c4e72000-7fe4c4e73000 r--p 00002000 08:01 1578504                    /lib/x86_64-linux-gnu/libdl-2.26.so
7fe4c4e73000-7fe4c4e74000 rw-p 00003000 08:01 1578504                    /lib/x86_64-linux-gnu/libdl-2.26.so
7fe4c4e74000-7fe4c4e90000 r-xp 00000000 08:01 1578435                    /lib/x86_64-linux-gnu/libz.so.1.2.11
7fe4c4e90000-7fe4c508f000 ---p 0001c000 08:01 1578435                    /lib/x86_64-linux-gnu/libz.so.1.2.11
7fe4c508f000-7fe4c5090000 r--p 0001b000 08:01 1578435                    /lib/x86_64-linux-gnu/libz.so.1.2.11
7fe4c5090000-7fe4c5091000 rw-p 0001c000 08:01 1578435                    /lib/x86_64-linux-gnu/libz.so.1.2.11
7fe4c5091000-7fe4c5267000 r-xp 00000000 08:01 1578397                    /lib/x86_64-linux-gnu/libc-2.26.so
7fe4c5267000-7fe4c5467000 ---p 001d6000 08:01 1578397                    /lib/x86_64-linux-gnu/libc-2.26.so
7fe4c5467000-7fe4c546b000 r--p 001d6000 08:01 1578397                    /lib/x86_64-linux-gnu/libc-2.26.so
7fe4c546b000-7fe4c546d000 rw-p 001da000 08:01 1578397                    /lib/x86_64-linux-gnu/libc-2.26.so
7fe4c546d000-7fe4c5471000 rw-p 00000000 00:00 0 
7fe4c5471000-7fe4c547f000 r-xp 00000000 08:01 1212569                    /usr/lib/jvm/java-8-openjdk-amd64/jre/lib/amd64/jli/libjli.so
7fe4c547f000-7fe4c567e000 ---p 0000e000 08:01 1212569                    /usr/lib/jvm/java-8-openjdk-amd64/jre/lib/amd64/jli/libjli.so
7fe4c567e000-7fe4c567f000 r--p 0000d000 08:01 1212569                    /usr/lib/jvm/java-8-openjdk-amd64/jre/lib/amd64/jli/libjli.so
7fe4c567f000-7fe4c5680000 rw-p 0000e000 08:01 1212569                    /usr/lib/jvm/java-8-openjdk-amd64/jre/lib/amd64/jli/libjli.so
7fe4c5680000-7fe4c56a7000 r-xp 00000000 08:01 1578316                    /lib/x86_64-linux-gnu/ld-2.26.so
7fe4c5788000-7fe4c578b000 ---p 00000000 00:00 0 
7fe4c578b000-7fe4c588b000 rw-p 00000000 00:00 0 
7fe4c589b000-7fe4c58a3000 rw-s 00000000 08:01 812126                     /tmp/hsperfdata_hydra/15603
7fe4c58a3000-7fe4c58a4000 rw-p 00000000 00:00 0 
7fe4c58a4000-7fe4c58a5000 r--p 00000000 00:00 0 
7fe4c58a5000-7fe4c58a7000 rw-p 00000000 00:00 0 
7fe4c58a7000-7fe4c58a8000 r--p 00027000 08:01 1578316                    /lib/x86_64-linux-gnu/ld-2.26.so
7fe4c58a8000-7fe4c58a9000 rw-p 00028000 08:01 1578316                    /lib/x86_64-linux-gnu/ld-2.26.so
7fe4c58a9000-7fe4c58aa000 rw-p 00000000 00:00 0 
7ffc0121c000-7ffc0123d000 rw-p 00000000 00:00 0                          [stack]
7ffc013e0000-7ffc013e3000 r--p 00000000 00:00 0                          [vvar]
7ffc013e3000-7ffc013e5000 r-xp 00000000 00:00 0                          [vdso]
ffffffffff600000-ffffffffff601000 r-xp 00000000 00:00 0                  [vsyscall]

VM Arguments:
jvm_args: -Xmx12G -Xms512M 
java_command: /home/hydra/Downloads/UltimateAutomizer-linux/UAutomizer-linux/plugins/org.eclipse.equinox.launcher_1.3.100.v20150511-1540.jar -os linux -ws gtk -arch x86_64 -launcher /home/hydra/Downloads/UltimateAutomizer-linux/UAutomizer-linux/Ultimate -name Ultimate --launcher.library /home/hydra/Downloads/UltimateAutomizer-linux/UAutomizer-linux/plugins/org.eclipse.equinox.launcher.gtk.linux.x86_64_1.1.300.v20150602-1417/eclipse_1612.so -startup /home/hydra/Downloads/UltimateAutomizer-linux/UAutomizer-linux/plugins/org.eclipse.equinox.launcher_1.3.100.v20150511-1540.jar --launcher.overrideVmargs -exitdata 60001a -consoleLog --console -data @user.home/.ultimate -tc AutomataScriptInterpreter.xml -i ./temp/apna_ats.ats -vm /usr/bin/java -vmargs -Xmx12G -Xms512M -jar /home/hydra/Downloads/UltimateAutomizer-linux/UAutomizer-linux/plugins/org.eclipse.equinox.launcher_1.3.100.v20150511-1540.jar
java_class_path (initial): /home/hydra/Downloads/UltimateAutomizer-linux/UAutomizer-linux/plugins/org.eclipse.equinox.launcher_1.3.100.v20150511-1540.jar
Launcher Type: SUN_STANDARD

Environment Variables:
PATH=/usr/local/sbin:/usr/local/bin:/usr/sbin:/usr/bin:/sbin:/bin:/usr/games:/usr/local/games:/snap/bin
USERNAME=hydra
SHELL=/bin/bash
DISPLAY=:0

Signal Handlers:
SIGSEGV: [libjvm.so+0xaabe00], sa_mask[0]=11111111011111111101111111111110, sa_flags=SA_RESTART|SA_SIGINFO
SIGBUS: [libjvm.so+0xaabe00], sa_mask[0]=11111111011111111101111111111110, sa_flags=SA_RESTART|SA_SIGINFO
SIGFPE: [libjvm.so+0x8e1dd0], sa_mask[0]=11111111011111111101111111111110, sa_flags=SA_RESTART|SA_SIGINFO
SIGPIPE: [libjvm.so+0x8e1dd0], sa_mask[0]=11111111011111111101111111111110, sa_flags=SA_RESTART|SA_SIGINFO
SIGXFSZ: [libjvm.so+0x8e1dd0], sa_mask[0]=11111111011111111101111111111110, sa_flags=SA_RESTART|SA_SIGINFO
SIGILL: [libjvm.so+0x8e1dd0], sa_mask[0]=11111111011111111101111111111110, sa_flags=SA_RESTART|SA_SIGINFO
SIGUSR1: SIG_DFL, sa_mask[0]=00000000000000000000000000000000, sa_flags=none
SIGUSR2: [libjvm.so+0x8e1c80], sa_mask[0]=00000000000000000000000000000000, sa_flags=SA_RESTART|SA_SIGINFO
SIGHUP: SIG_DFL, sa_mask[0]=00000000000000000000000000000000, sa_flags=none
SIGINT: SIG_DFL, sa_mask[0]=00000000000000000000000000000000, sa_flags=none
SIGTERM: SIG_DFL, sa_mask[0]=00000000000000000000000000000000, sa_flags=none
SIGQUIT: SIG_DFL, sa_mask[0]=00000000000000000000000000000000, sa_flags=none


---------------  S Y S T E M  ---------------

OS:DISTRIB_ID=Ubuntu
DISTRIB_RELEASE=17.10
DISTRIB_CODENAME=artful
DISTRIB_DESCRIPTION="Ubuntu 17.10"

uname:Linux 4.13.0-46-generic #51-Ubuntu SMP Tue Jun 12 12:36:29 UTC 2018 x86_64
libc:glibc 2.26 NPTL 2.26 
rlimit: STACK 8192k, CORE 0k, NPROC 15567, NOFILE 4096, AS infinity
load average:1.98 1.00 0.81

/proc/meminfo:
MemTotal:        4039824 kB
MemFree:          240736 kB
MemAvailable:     221040 kB
Buffers:            3092 kB
Cached:           244652 kB
SwapCached:         7264 kB
Active:          2937888 kB
Inactive:         633412 kB
Active(anon):    2818484 kB
Inactive(anon):   591712 kB
Active(file):     119404 kB
Inactive(file):    41700 kB
Unevictable:          16 kB
Mlocked:              16 kB
SwapTotal:       1459804 kB
SwapFree:          69672 kB
Dirty:                24 kB
Writeback:             0 kB
AnonPages:       3317380 kB
Mapped:           189208 kB
Shmem:             86492 kB
Slab:              80788 kB
SReclaimable:      36592 kB
SUnreclaim:        44196 kB
KernelStack:       18304 kB
PageTables:        79544 kB
NFS_Unstable:          0 kB
Bounce:                0 kB
WritebackTmp:          0 kB
CommitLimit:     3479716 kB
Committed_AS:   29427920 kB
VmallocTotal:   34359738367 kB
VmallocUsed:           0 kB
VmallocChunk:          0 kB
HardwareCorrupted:     0 kB
AnonHugePages:         0 kB
ShmemHugePages:        0 kB
ShmemPmdMapped:        0 kB
CmaTotal:              0 kB
CmaFree:               0 kB
HugePages_Total:       0
HugePages_Free:        0
HugePages_Rsvd:        0
HugePages_Surp:        0
Hugepagesize:       2048 kB
DirectMap4k:      188352 kB
DirectMap2M:     4005888 kB


CPU:total 2 (initial active 2) (2 cores per cpu, 1 threads per core) family 6 model 158 stepping 9, cmov, cx8, fxsr, mmx, sse, sse2, sse3, ssse3, sse4.1, sse4.2, popcnt, avx, avx2, aes, clmul, 3dnowpref, lzcnt, tsc, tscinvbit

/proc/cpuinfo:
processor	: 0
vendor_id	: GenuineIntel
cpu family	: 6
model		: 158
model name	: Intel(R) Core(TM) i7-7700HQ CPU @ 2.80GHz
stepping	: 9
cpu MHz		: 2808.000
cache size	: 6144 KB
physical id	: 0
siblings	: 2
core id		: 0
cpu cores	: 2
apicid		: 0
initial apicid	: 0
fpu		: yes
fpu_exception	: yes
cpuid level	: 22
wp		: yes
flags		: fpu vme de pse tsc msr pae mce cx8 apic sep mtrr pge mca cmov pat pse36 clflush mmx fxsr sse sse2 ht syscall nx rdtscp lm constant_tsc rep_good nopl xtopology nonstop_tsc cpuid pni pclmulqdq ssse3 cx16 pcid sse4_1 sse4_2 x2apic movbe popcnt aes xsave avx rdrand hypervisor lahf_lm abm 3dnowprefetch invpcid_single pti retpoline rsb_ctxsw fsgsbase avx2 invpcid rdseed clflushopt
bugs		: cpu_meltdown spectre_v1 spectre_v2 spec_store_bypass
bogomips	: 5616.00
clflush size	: 64
cache_alignment	: 64
address sizes	: 39 bits physical, 48 bits virtual
power management:

processor	: 1
vendor_id	: GenuineIntel
cpu family	: 6
model		: 158
model name	: Intel(R) Core(TM) i7-7700HQ CPU @ 2.80GHz
stepping	: 9
cpu MHz		: 2808.000
cache size	: 6144 KB
physical id	: 0
siblings	: 2
core id		: 1
cpu cores	: 2
apicid		: 1
initial apicid	: 1
fpu		: yes
fpu_exception	: yes
cpuid level	: 22
wp		: yes
flags		: fpu vme de pse tsc msr pae mce cx8 apic sep mtrr pge mca cmov pat pse36 clflush mmx fxsr sse sse2 ht syscall nx rdtscp lm constant_tsc rep_good nopl xtopology nonstop_tsc cpuid pni pclmulqdq ssse3 cx16 pcid sse4_1 sse4_2 x2apic movbe popcnt aes xsave avx rdrand hypervisor lahf_lm abm 3dnowprefetch invpcid_single pti retpoline rsb_ctxsw fsgsbase avx2 invpcid rdseed clflushopt
bugs		: cpu_meltdown spectre_v1 spectre_v2 spec_store_bypass
bogomips	: 5616.00
clflush size	: 64
cache_alignment	: 64
address sizes	: 39 bits physical, 48 bits virtual
power management:



Memory: 4k page, physical 4039824k(240736k free), swap 1459804k(69672k free)

vm_info: OpenJDK 64-Bit Server VM (25.171-b11) for linux-amd64 JRE (1.8.0_171-8u171-b11-0ubuntu0.17.10.1-b11), built on Apr 26 2018 15:59:34 by "buildd" with gcc 7.2.0

time: Wed Oct 17 15:23:00 2018
elapsed time: 0 seconds (0d 0h 0m 0s)

