#
# There is insufficient memory for the Java Runtime Environment to continue.
# Native memory allocation (mmap) failed to map 358088704 bytes for committing reserved memory.
# Possible reasons:
#   The system is out of physical RAM or swap space
#   In 32 bit mode, the process size limit was hit
# Possible solutions:
#   Reduce memory load on the system
#   Increase physical memory or swap space
#   Check if swap backing store is full
#   Use 64 bit Java on a 64 bit OS
#   Decrease Java heap size (-Xmx/-Xms)
#   Decrease number of Java threads
#   Decrease Java thread stack sizes (-Xss)
#   Set larger code cache with -XX:ReservedCodeCacheSize=
# This output file may be truncated or incomplete.
#
#  Out of Memory Error (os_linux.cpp:2643), pid=15820, tid=0x00007fd08d9a4700
#
# JRE version:  (8.0_171-b11) (build )
# Java VM: OpenJDK 64-Bit Server VM (25.171-b11 mixed mode linux-amd64 compressed oops)
# Failed to write core dump. Core dumps have been disabled. To enable core dumping, try "ulimit -c unlimited" before starting Java again
#

---------------  T H R E A D  ---------------

Current thread (0x00007fd08400b800):  JavaThread "Unknown thread" [_thread_in_vm, id=15821, stack(0x00007fd08d8a4000,0x00007fd08d9a5000)]

Stack: [0x00007fd08d8a4000,0x00007fd08d9a5000],  sp=0x00007fd08d9a35a0,  free space=1021k
Native frames: (J=compiled Java code, j=interpreted, Vv=VM code, C=native code)
V  [libjvm.so+0xaab4b2]
V  [libjvm.so+0x4d7a57]
V  [libjvm.so+0x8e6740]
V  [libjvm.so+0x8e0c9e]
V  [libjvm.so+0x9614b6]
V  [libjvm.so+0x9517ec]
V  [libjvm.so+0x2b2f0e]
V  [libjvm.so+0x90e441]
V  [libjvm.so+0xa6daaa]
V  [libjvm.so+0xa6dd95]
V  [libjvm.so+0x623d5f]
V  [libjvm.so+0xa514eb]
V  [libjvm.so+0x6a6db1]  JNI_CreateJavaVM+0x61
C  [libjli.so+0x2ce3]
C  [libjli.so+0x777d]
C  [libpthread.so.0+0x77fc]  start_thread+0xdc


---------------  P R O C E S S  ---------------

Java Threads: ( => current thread )

Other Threads:

=>0x00007fd08400b800 (exited) JavaThread "Unknown thread" [_thread_in_vm, id=15821, stack(0x00007fd08d8a4000,0x00007fd08d9a5000)]

VM state:not at safepoint (not fully initialized)

VM Mutex/Monitor currently owned by a thread: None

GC Heap History (0 events):
No events

Deoptimization events (0 events):
No events

Classes redefined (0 events):
No events

Internal exceptions (0 events):
No events

Events (0 events):
No events


Dynamic libraries:
4d5580000-6c0000000 ---p 00000000 00:00 0 
6c0000000-6caa80000 rw-p 00000000 00:00 0 
6caa80000-7c0000000 ---p 00000000 00:00 0 
55c564961000-55c564962000 r-xp 00000000 08:01 945319                     /usr/lib/jvm/java-8-openjdk-amd64/jre/bin/java
55c564b61000-55c564b62000 r--p 00000000 08:01 945319                     /usr/lib/jvm/java-8-openjdk-amd64/jre/bin/java
55c564b62000-55c564b63000 rw-p 00001000 08:01 945319                     /usr/lib/jvm/java-8-openjdk-amd64/jre/bin/java
55c566ab9000-55c566ada000 rw-p 00000000 00:00 0                          [heap]
7fd075000000-7fd075270000 rwxp 00000000 00:00 0 
7fd075270000-7fd084000000 ---p 00000000 00:00 0 
7fd084000000-7fd084033000 rw-p 00000000 00:00 0 
7fd084033000-7fd088000000 ---p 00000000 00:00 0 
7fd0886a8000-7fd0896a8000 ---p 00000000 00:00 0 
7fd0896a8000-7fd0896fe000 rw-p 00000000 00:00 0 
7fd0896fe000-7fd089ea8000 ---p 00000000 00:00 0 
7fd089ea8000-7fd089eb3000 rw-p 00000000 00:00 0 
7fd089eb3000-7fd08a269000 ---p 00000000 00:00 0 
7fd08a269000-7fd08a271000 r-xp 00000000 08:01 1074831                    /usr/lib/jvm/java-8-openjdk-amd64/jre/lib/amd64/libzip.so
7fd08a271000-7fd08a470000 ---p 00008000 08:01 1074831                    /usr/lib/jvm/java-8-openjdk-amd64/jre/lib/amd64/libzip.so
7fd08a470000-7fd08a471000 r--p 00007000 08:01 1074831                    /usr/lib/jvm/java-8-openjdk-amd64/jre/lib/amd64/libzip.so
7fd08a471000-7fd08a472000 rw-p 00008000 08:01 1074831                    /usr/lib/jvm/java-8-openjdk-amd64/jre/lib/amd64/libzip.so
7fd08a472000-7fd08a47d000 r-xp 00000000 08:01 1584631                    /lib/x86_64-linux-gnu/libnss_files-2.26.so
7fd08a47d000-7fd08a67c000 ---p 0000b000 08:01 1584631                    /lib/x86_64-linux-gnu/libnss_files-2.26.so
7fd08a67c000-7fd08a67d000 r--p 0000a000 08:01 1584631                    /lib/x86_64-linux-gnu/libnss_files-2.26.so
7fd08a67d000-7fd08a67e000 rw-p 0000b000 08:01 1584631                    /lib/x86_64-linux-gnu/libnss_files-2.26.so
7fd08a67e000-7fd08a684000 rw-p 00000000 00:00 0 
7fd08a684000-7fd08a68f000 r-xp 00000000 08:01 1584633                    /lib/x86_64-linux-gnu/libnss_nis-2.26.so
7fd08a68f000-7fd08a88e000 ---p 0000b000 08:01 1584633                    /lib/x86_64-linux-gnu/libnss_nis-2.26.so
7fd08a88e000-7fd08a88f000 r--p 0000a000 08:01 1584633                    /lib/x86_64-linux-gnu/libnss_nis-2.26.so
7fd08a88f000-7fd08a890000 rw-p 0000b000 08:01 1584633                    /lib/x86_64-linux-gnu/libnss_nis-2.26.so
7fd08a890000-7fd08a8a7000 r-xp 00000000 08:01 1584628                    /lib/x86_64-linux-gnu/libnsl-2.26.so
7fd08a8a7000-7fd08aaa6000 ---p 00017000 08:01 1584628                    /lib/x86_64-linux-gnu/libnsl-2.26.so
7fd08aaa6000-7fd08aaa7000 r--p 00016000 08:01 1584628                    /lib/x86_64-linux-gnu/libnsl-2.26.so
7fd08aaa7000-7fd08aaa8000 rw-p 00017000 08:01 1584628                    /lib/x86_64-linux-gnu/libnsl-2.26.so
7fd08aaa8000-7fd08aaaa000 rw-p 00000000 00:00 0 
7fd08aaaa000-7fd08aab2000 r-xp 00000000 08:01 1584629                    /lib/x86_64-linux-gnu/libnss_compat-2.26.so
7fd08aab2000-7fd08acb1000 ---p 00008000 08:01 1584629                    /lib/x86_64-linux-gnu/libnss_compat-2.26.so
7fd08acb1000-7fd08acb2000 r--p 00007000 08:01 1584629                    /lib/x86_64-linux-gnu/libnss_compat-2.26.so
7fd08acb2000-7fd08acb3000 rw-p 00008000 08:01 1584629                    /lib/x86_64-linux-gnu/libnss_compat-2.26.so
7fd08acb3000-7fd08ace1000 r-xp 00000000 08:01 1074812                    /usr/lib/jvm/java-8-openjdk-amd64/jre/lib/amd64/libjava.so
7fd08ace1000-7fd08aee0000 ---p 0002e000 08:01 1074812                    /usr/lib/jvm/java-8-openjdk-amd64/jre/lib/amd64/libjava.so
7fd08aee0000-7fd08aee1000 r--p 0002d000 08:01 1074812                    /usr/lib/jvm/java-8-openjdk-amd64/jre/lib/amd64/libjava.so
7fd08aee1000-7fd08aee3000 rw-p 0002e000 08:01 1074812                    /usr/lib/jvm/java-8-openjdk-amd64/jre/lib/amd64/libjava.so
7fd08aee3000-7fd08aef3000 r-xp 00000000 08:01 1074830                    /usr/lib/jvm/java-8-openjdk-amd64/jre/lib/amd64/libverify.so
7fd08aef3000-7fd08b0f2000 ---p 00010000 08:01 1074830                    /usr/lib/jvm/java-8-openjdk-amd64/jre/lib/amd64/libverify.so
7fd08b0f2000-7fd08b0f4000 r--p 0000f000 08:01 1074830                    /usr/lib/jvm/java-8-openjdk-amd64/jre/lib/amd64/libverify.so
7fd08b0f4000-7fd08b0f5000 rw-p 00011000 08:01 1074830                    /usr/lib/jvm/java-8-openjdk-amd64/jre/lib/amd64/libverify.so
7fd08b0f5000-7fd08b0fc000 r-xp 00000000 08:01 1584638                    /lib/x86_64-linux-gnu/librt-2.26.so
7fd08b0fc000-7fd08b2fb000 ---p 00007000 08:01 1584638                    /lib/x86_64-linux-gnu/librt-2.26.so
7fd08b2fb000-7fd08b2fc000 r--p 00006000 08:01 1584638                    /lib/x86_64-linux-gnu/librt-2.26.so
7fd08b2fc000-7fd08b2fd000 rw-p 00007000 08:01 1584638                    /lib/x86_64-linux-gnu/librt-2.26.so
7fd08b2fd000-7fd08b313000 r-xp 00000000 08:01 1578302                    /lib/x86_64-linux-gnu/libgcc_s.so.1
7fd08b313000-7fd08b512000 ---p 00016000 08:01 1578302                    /lib/x86_64-linux-gnu/libgcc_s.so.1
7fd08b512000-7fd08b513000 r--p 00015000 08:01 1578302                    /lib/x86_64-linux-gnu/libgcc_s.so.1
7fd08b513000-7fd08b514000 rw-p 00016000 08:01 1578302                    /lib/x86_64-linux-gnu/libgcc_s.so.1
7fd08b514000-7fd08b669000 r-xp 00000000 08:01 1578507                    /lib/x86_64-linux-gnu/libm-2.26.so
7fd08b669000-7fd08b868000 ---p 00155000 08:01 1578507                    /lib/x86_64-linux-gnu/libm-2.26.so
7fd08b868000-7fd08b869000 r--p 00154000 08:01 1578507                    /lib/x86_64-linux-gnu/libm-2.26.so
7fd08b869000-7fd08b86a000 rw-p 00155000 08:01 1578507                    /lib/x86_64-linux-gnu/libm-2.26.so
7fd08b86a000-7fd08b9e2000 r-xp 00000000 08:01 657603                     /usr/lib/x86_64-linux-gnu/libstdc++.so.6.0.24
7fd08b9e2000-7fd08bbe1000 ---p 00178000 08:01 657603                     /usr/lib/x86_64-linux-gnu/libstdc++.so.6.0.24
7fd08bbe1000-7fd08bbeb000 r--p 00177000 08:01 657603                     /usr/lib/x86_64-linux-gnu/libstdc++.so.6.0.24
7fd08bbeb000-7fd08bbed000 rw-p 00181000 08:01 657603                     /usr/lib/x86_64-linux-gnu/libstdc++.so.6.0.24
7fd08bbed000-7fd08bbf0000 rw-p 00000000 00:00 0 
7fd08bbf0000-7fd08c881000 r-xp 00000000 08:01 1074834                    /usr/lib/jvm/java-8-openjdk-amd64/jre/lib/amd64/server/libjvm.so
7fd08c881000-7fd08ca81000 ---p 00c91000 08:01 1074834                    /usr/lib/jvm/java-8-openjdk-amd64/jre/lib/amd64/server/libjvm.so
7fd08ca81000-7fd08cb14000 r--p 00c91000 08:01 1074834                    /usr/lib/jvm/java-8-openjdk-amd64/jre/lib/amd64/server/libjvm.so
7fd08cb14000-7fd08cb3c000 rw-p 00d24000 08:01 1074834                    /usr/lib/jvm/java-8-openjdk-amd64/jre/lib/amd64/server/libjvm.so
7fd08cb3c000-7fd08cb6d000 rw-p 00000000 00:00 0 
7fd08cb6d000-7fd08cb87000 r-xp 00000000 08:01 1584636                    /lib/x86_64-linux-gnu/libpthread-2.26.so
7fd08cb87000-7fd08cd86000 ---p 0001a000 08:01 1584636                    /lib/x86_64-linux-gnu/libpthread-2.26.so
7fd08cd86000-7fd08cd87000 r--p 00019000 08:01 1584636                    /lib/x86_64-linux-gnu/libpthread-2.26.so
7fd08cd87000-7fd08cd88000 rw-p 0001a000 08:01 1584636                    /lib/x86_64-linux-gnu/libpthread-2.26.so
7fd08cd88000-7fd08cd8c000 rw-p 00000000 00:00 0 
7fd08cd8c000-7fd08cd8f000 r-xp 00000000 08:01 1578504                    /lib/x86_64-linux-gnu/libdl-2.26.so
7fd08cd8f000-7fd08cf8e000 ---p 00003000 08:01 1578504                    /lib/x86_64-linux-gnu/libdl-2.26.so
7fd08cf8e000-7fd08cf8f000 r--p 00002000 08:01 1578504                    /lib/x86_64-linux-gnu/libdl-2.26.so
7fd08cf8f000-7fd08cf90000 rw-p 00003000 08:01 1578504                    /lib/x86_64-linux-gnu/libdl-2.26.so
7fd08cf90000-7fd08cfac000 r-xp 00000000 08:01 1578435                    /lib/x86_64-linux-gnu/libz.so.1.2.11
7fd08cfac000-7fd08d1ab000 ---p 0001c000 08:01 1578435                    /lib/x86_64-linux-gnu/libz.so.1.2.11
7fd08d1ab000-7fd08d1ac000 r--p 0001b000 08:01 1578435                    /lib/x86_64-linux-gnu/libz.so.1.2.11
7fd08d1ac000-7fd08d1ad000 rw-p 0001c000 08:01 1578435                    /lib/x86_64-linux-gnu/libz.so.1.2.11
7fd08d1ad000-7fd08d383000 r-xp 00000000 08:01 1578397                    /lib/x86_64-linux-gnu/libc-2.26.so
7fd08d383000-7fd08d583000 ---p 001d6000 08:01 1578397                    /lib/x86_64-linux-gnu/libc-2.26.so
7fd08d583000-7fd08d587000 r--p 001d6000 08:01 1578397                    /lib/x86_64-linux-gnu/libc-2.26.so
7fd08d587000-7fd08d589000 rw-p 001da000 08:01 1578397                    /lib/x86_64-linux-gnu/libc-2.26.so
7fd08d589000-7fd08d58d000 rw-p 00000000 00:00 0 
7fd08d58d000-7fd08d59b000 r-xp 00000000 08:01 1212569                    /usr/lib/jvm/java-8-openjdk-amd64/jre/lib/amd64/jli/libjli.so
7fd08d59b000-7fd08d79a000 ---p 0000e000 08:01 1212569                    /usr/lib/jvm/java-8-openjdk-amd64/jre/lib/amd64/jli/libjli.so
7fd08d79a000-7fd08d79b000 r--p 0000d000 08:01 1212569                    /usr/lib/jvm/java-8-openjdk-amd64/jre/lib/amd64/jli/libjli.so
7fd08d79b000-7fd08d79c000 rw-p 0000e000 08:01 1212569                    /usr/lib/jvm/java-8-openjdk-amd64/jre/lib/amd64/jli/libjli.so
7fd08d79c000-7fd08d7c3000 r-xp 00000000 08:01 1578316                    /lib/x86_64-linux-gnu/ld-2.26.so
7fd08d8a4000-7fd08d8a7000 ---p 00000000 00:00 0 
7fd08d8a7000-7fd08d9a7000 rw-p 00000000 00:00 0 
7fd08d9b7000-7fd08d9bf000 rw-s 00000000 08:01 812126                     /tmp/hsperfdata_hydra/15820
7fd08d9bf000-7fd08d9c0000 rw-p 00000000 00:00 0 
7fd08d9c0000-7fd08d9c1000 r--p 00000000 00:00 0 
7fd08d9c1000-7fd08d9c3000 rw-p 00000000 00:00 0 
7fd08d9c3000-7fd08d9c4000 r--p 00027000 08:01 1578316                    /lib/x86_64-linux-gnu/ld-2.26.so
7fd08d9c4000-7fd08d9c5000 rw-p 00028000 08:01 1578316                    /lib/x86_64-linux-gnu/ld-2.26.so
7fd08d9c5000-7fd08d9c6000 rw-p 00000000 00:00 0 
7ffe2a094000-7ffe2a0b5000 rw-p 00000000 00:00 0                          [stack]
7ffe2a0f3000-7ffe2a0f6000 r--p 00000000 00:00 0                          [vvar]
7ffe2a0f6000-7ffe2a0f8000 r-xp 00000000 00:00 0                          [vdso]
ffffffffff600000-ffffffffff601000 r-xp 00000000 00:00 0                  [vsyscall]

VM Arguments:
jvm_args: -Xmx12G -Xms512M 
java_command: /home/hydra/Downloads/UltimateAutomizer-linux/UAutomizer-linux/plugins/org.eclipse.equinox.launcher_1.3.100.v20150511-1540.jar -os linux -ws gtk -arch x86_64 -launcher /home/hydra/Downloads/UltimateAutomizer-linux/UAutomizer-linux/Ultimate -name Ultimate --launcher.library /home/hydra/Downloads/UltimateAutomizer-linux/UAutomizer-linux/plugins/org.eclipse.equinox.launcher.gtk.linux.x86_64_1.1.300.v20150602-1417/eclipse_1612.so -startup /home/hydra/Downloads/UltimateAutomizer-linux/UAutomizer-linux/plugins/org.eclipse.equinox.launcher_1.3.100.v20150511-1540.jar --launcher.overrideVmargs -exitdata 61801a -consoleLog --console -data @user.home/.ultimate -tc AutomataScriptInterpreter.xml -i ./temp/apna_ats.ats -vm /usr/bin/java -vmargs -Xmx12G -Xms512M -jar /home/hydra/Downloads/UltimateAutomizer-linux/UAutomizer-linux/plugins/org.eclipse.equinox.launcher_1.3.100.v20150511-1540.jar
java_class_path (initial): /home/hydra/Downloads/UltimateAutomizer-linux/UAutomizer-linux/plugins/org.eclipse.equinox.launcher_1.3.100.v20150511-1540.jar
Launcher Type: SUN_STANDARD

Environment Variables:
PATH=/usr/local/sbin:/usr/local/bin:/usr/sbin:/usr/bin:/sbin:/bin:/usr/games:/usr/local/games:/snap/bin
USERNAME=hydra
SHELL=/bin/bash
DISPLAY=:0

Signal Handlers:
SIGSEGV: [libjvm.so+0xaabe00], sa_mask[0]=11111111011111111101111111111110, sa_flags=SA_RESTART|SA_SIGINFO
SIGBUS: [libjvm.so+0xaabe00], sa_mask[0]=11111111011111111101111111111110, sa_flags=SA_RESTART|SA_SIGINFO
SIGFPE: [libjvm.so+0x8e1dd0], sa_mask[0]=11111111011111111101111111111110, sa_flags=SA_RESTART|SA_SIGINFO
SIGPIPE: [libjvm.so+0x8e1dd0], sa_mask[0]=11111111011111111101111111111110, sa_flags=SA_RESTART|SA_SIGINFO
SIGXFSZ: [libjvm.so+0x8e1dd0], sa_mask[0]=11111111011111111101111111111110, sa_flags=SA_RESTART|SA_SIGINFO
SIGILL: [libjvm.so+0x8e1dd0], sa_mask[0]=11111111011111111101111111111110, sa_flags=SA_RESTART|SA_SIGINFO
SIGUSR1: SIG_DFL, sa_mask[0]=00000000000000000000000000000000, sa_flags=none
SIGUSR2: [libjvm.so+0x8e1c80], sa_mask[0]=00000000000000000000000000000000, sa_flags=SA_RESTART|SA_SIGINFO
SIGHUP: SIG_DFL, sa_mask[0]=00000000000000000000000000000000, sa_flags=none
SIGINT: SIG_DFL, sa_mask[0]=00000000000000000000000000000000, sa_flags=none
SIGTERM: SIG_DFL, sa_mask[0]=00000000000000000000000000000000, sa_flags=none
SIGQUIT: SIG_DFL, sa_mask[0]=00000000000000000000000000000000, sa_flags=none


---------------  S Y S T E M  ---------------

OS:DISTRIB_ID=Ubuntu
DISTRIB_RELEASE=17.10
DISTRIB_CODENAME=artful
DISTRIB_DESCRIPTION="Ubuntu 17.10"

uname:Linux 4.13.0-46-generic #51-Ubuntu SMP Tue Jun 12 12:36:29 UTC 2018 x86_64
libc:glibc 2.26 NPTL 2.26 
rlimit: STACK 8192k, CORE 0k, NPROC 15567, NOFILE 4096, AS infinity
load average:2.50 1.48 1.03

/proc/meminfo:
MemTotal:        4039824 kB
MemFree:          104672 kB
MemAvailable:     166128 kB
Buffers:           27844 kB
Cached:           309460 kB
SwapCached:        22260 kB
Active:          3010308 kB
Inactive:         696084 kB
Active(anon):    2882880 kB
Inactive(anon):   576404 kB
Active(file):     127428 kB
Inactive(file):   119680 kB
Unevictable:          32 kB
Mlocked:              32 kB
SwapTotal:       1459804 kB
SwapFree:          29668 kB
Dirty:               732 kB
Writeback:             0 kB
AnonPages:       3347208 kB
Mapped:           238528 kB
Shmem:             90128 kB
Slab:              79756 kB
SReclaimable:      34720 kB
SUnreclaim:        45036 kB
KernelStack:       18624 kB
PageTables:        81872 kB
NFS_Unstable:          0 kB
Bounce:                0 kB
WritebackTmp:          0 kB
CommitLimit:     3479716 kB
Committed_AS:   29350360 kB
VmallocTotal:   34359738367 kB
VmallocUsed:           0 kB
VmallocChunk:          0 kB
HardwareCorrupted:     0 kB
AnonHugePages:         0 kB
ShmemHugePages:        0 kB
ShmemPmdMapped:        0 kB
CmaTotal:              0 kB
CmaFree:               0 kB
HugePages_Total:       0
HugePages_Free:        0
HugePages_Rsvd:        0
HugePages_Surp:        0
Hugepagesize:       2048 kB
DirectMap4k:      188352 kB
DirectMap2M:     4005888 kB


CPU:total 2 (initial active 2) (2 cores per cpu, 1 threads per core) family 6 model 158 stepping 9, cmov, cx8, fxsr, mmx, sse, sse2, sse3, ssse3, sse4.1, sse4.2, popcnt, avx, avx2, aes, clmul, 3dnowpref, lzcnt, tsc, tscinvbit

/proc/cpuinfo:
processor	: 0
vendor_id	: GenuineIntel
cpu family	: 6
model		: 158
model name	: Intel(R) Core(TM) i7-7700HQ CPU @ 2.80GHz
stepping	: 9
cpu MHz		: 2808.000
cache size	: 6144 KB
physical id	: 0
siblings	: 2
core id		: 0
cpu cores	: 2
apicid		: 0
initial apicid	: 0
fpu		: yes
fpu_exception	: yes
cpuid level	: 22
wp		: yes
flags		: fpu vme de pse tsc msr pae mce cx8 apic sep mtrr pge mca cmov pat pse36 clflush mmx fxsr sse sse2 ht syscall nx rdtscp lm constant_tsc rep_good nopl xtopology nonstop_tsc cpuid pni pclmulqdq ssse3 cx16 pcid sse4_1 sse4_2 x2apic movbe popcnt aes xsave avx rdrand hypervisor lahf_lm abm 3dnowprefetch invpcid_single pti retpoline rsb_ctxsw fsgsbase avx2 invpcid rdseed clflushopt
bugs		: cpu_meltdown spectre_v1 spectre_v2 spec_store_bypass
bogomips	: 5616.00
clflush size	: 64
cache_alignment	: 64
address sizes	: 39 bits physical, 48 bits virtual
power management:

processor	: 1
vendor_id	: GenuineIntel
cpu family	: 6
model		: 158
model name	: Intel(R) Core(TM) i7-7700HQ CPU @ 2.80GHz
stepping	: 9
cpu MHz		: 2808.000
cache size	: 6144 KB
physical id	: 0
siblings	: 2
core id		: 1
cpu cores	: 2
apicid		: 1
initial apicid	: 1
fpu		: yes
fpu_exception	: yes
cpuid level	: 22
wp		: yes
flags		: fpu vme de pse tsc msr pae mce cx8 apic sep mtrr pge mca cmov pat pse36 clflush mmx fxsr sse sse2 ht syscall nx rdtscp lm constant_tsc rep_good nopl xtopology nonstop_tsc cpuid pni pclmulqdq ssse3 cx16 pcid sse4_1 sse4_2 x2apic movbe popcnt aes xsave avx rdrand hypervisor lahf_lm abm 3dnowprefetch invpcid_single pti retpoline rsb_ctxsw fsgsbase avx2 invpcid rdseed clflushopt
bugs		: cpu_meltdown spectre_v1 spectre_v2 spec_store_bypass
bogomips	: 5616.00
clflush size	: 64
cache_alignment	: 64
address sizes	: 39 bits physical, 48 bits virtual
power management:



Memory: 4k page, physical 4039824k(104548k free), swap 1459804k(29668k free)

vm_info: OpenJDK 64-Bit Server VM (25.171-b11) for linux-amd64 JRE (1.8.0_171-8u171-b11-0ubuntu0.17.10.1-b11), built on Apr 26 2018 15:59:34 by "buildd" with gcc 7.2.0

time: Wed Oct 17 15:27:28 2018
elapsed time: 0 seconds (0d 0h 0m 0s)

