#
# There is insufficient memory for the Java Runtime Environment to continue.
# Native memory allocation (mmap) failed to map 358088704 bytes for committing reserved memory.
# Possible reasons:
#   The system is out of physical RAM or swap space
#   In 32 bit mode, the process size limit was hit
# Possible solutions:
#   Reduce memory load on the system
#   Increase physical memory or swap space
#   Check if swap backing store is full
#   Use 64 bit Java on a 64 bit OS
#   Decrease Java heap size (-Xmx/-Xms)
#   Decrease number of Java threads
#   Decrease Java thread stack sizes (-Xss)
#   Set larger code cache with -XX:ReservedCodeCacheSize=
# This output file may be truncated or incomplete.
#
#  Out of Memory Error (os_linux.cpp:2643), pid=16673, tid=0x00007f7576cde700
#
# JRE version:  (8.0_171-b11) (build )
# Java VM: OpenJDK 64-Bit Server VM (25.171-b11 mixed mode linux-amd64 compressed oops)
# Failed to write core dump. Core dumps have been disabled. To enable core dumping, try "ulimit -c unlimited" before starting Java again
#

---------------  T H R E A D  ---------------

Current thread (0x00007f757000b800):  JavaThread "Unknown thread" [_thread_in_vm, id=16674, stack(0x00007f7576bde000,0x00007f7576cdf000)]

Stack: [0x00007f7576bde000,0x00007f7576cdf000],  sp=0x00007f7576cdd5a0,  free space=1021k
Native frames: (J=compiled Java code, j=interpreted, Vv=VM code, C=native code)
V  [libjvm.so+0xaab4b2]
V  [libjvm.so+0x4d7a57]
V  [libjvm.so+0x8e6740]
V  [libjvm.so+0x8e0c9e]
V  [libjvm.so+0x9614b6]
V  [libjvm.so+0x9517ec]
V  [libjvm.so+0x2b2f0e]
V  [libjvm.so+0x90e441]
V  [libjvm.so+0xa6daaa]
V  [libjvm.so+0xa6dd95]
V  [libjvm.so+0x623d5f]
V  [libjvm.so+0xa514eb]
V  [libjvm.so+0x6a6db1]  JNI_CreateJavaVM+0x61
C  [libjli.so+0x2ce3]
C  [libjli.so+0x777d]
C  [libpthread.so.0+0x77fc]  start_thread+0xdc


---------------  P R O C E S S  ---------------

Java Threads: ( => current thread )

Other Threads:

=>0x00007f757000b800 (exited) JavaThread "Unknown thread" [_thread_in_vm, id=16674, stack(0x00007f7576bde000,0x00007f7576cdf000)]

VM state:not at safepoint (not fully initialized)

VM Mutex/Monitor currently owned by a thread: None

GC Heap History (0 events):
No events

Deoptimization events (0 events):
No events

Classes redefined (0 events):
No events

Internal exceptions (0 events):
No events

Events (0 events):
No events


Dynamic libraries:
4d5580000-6c0000000 ---p 00000000 00:00 0 
6c0000000-6caa80000 rw-p 00000000 00:00 0 
6caa80000-7c0000000 ---p 00000000 00:00 0 
55fd23c05000-55fd23c06000 r-xp 00000000 08:01 945319                     /usr/lib/jvm/java-8-openjdk-amd64/jre/bin/java
55fd23e05000-55fd23e06000 r--p 00000000 08:01 945319                     /usr/lib/jvm/java-8-openjdk-amd64/jre/bin/java
55fd23e06000-55fd23e07000 rw-p 00001000 08:01 945319                     /usr/lib/jvm/java-8-openjdk-amd64/jre/bin/java
55fd244af000-55fd244d0000 rw-p 00000000 00:00 0                          [heap]
7f755e9ce000-7f755f9ce000 ---p 00000000 00:00 0 
7f755f9ce000-7f755fa24000 rw-p 00000000 00:00 0 
7f755fa24000-7f75601ce000 ---p 00000000 00:00 0 
7f75601ce000-7f75601d9000 rw-p 00000000 00:00 0 
7f75601d9000-7f756058f000 ---p 00000000 00:00 0 
7f756058f000-7f75607ff000 rwxp 00000000 00:00 0 
7f75607ff000-7f756f58f000 ---p 00000000 00:00 0 
7f756f58f000-7f756f597000 r-xp 00000000 08:01 1074831                    /usr/lib/jvm/java-8-openjdk-amd64/jre/lib/amd64/libzip.so
7f756f597000-7f756f796000 ---p 00008000 08:01 1074831                    /usr/lib/jvm/java-8-openjdk-amd64/jre/lib/amd64/libzip.so
7f756f796000-7f756f797000 r--p 00007000 08:01 1074831                    /usr/lib/jvm/java-8-openjdk-amd64/jre/lib/amd64/libzip.so
7f756f797000-7f756f798000 rw-p 00008000 08:01 1074831                    /usr/lib/jvm/java-8-openjdk-amd64/jre/lib/amd64/libzip.so
7f756f798000-7f756f7a3000 r-xp 00000000 08:01 1584631                    /lib/x86_64-linux-gnu/libnss_files-2.26.so
7f756f7a3000-7f756f9a2000 ---p 0000b000 08:01 1584631                    /lib/x86_64-linux-gnu/libnss_files-2.26.so
7f756f9a2000-7f756f9a3000 r--p 0000a000 08:01 1584631                    /lib/x86_64-linux-gnu/libnss_files-2.26.so
7f756f9a3000-7f756f9a4000 rw-p 0000b000 08:01 1584631                    /lib/x86_64-linux-gnu/libnss_files-2.26.so
7f756f9a4000-7f756f9aa000 rw-p 00000000 00:00 0 
7f756f9aa000-7f756f9b5000 r-xp 00000000 08:01 1584633                    /lib/x86_64-linux-gnu/libnss_nis-2.26.so
7f756f9b5000-7f756fbb4000 ---p 0000b000 08:01 1584633                    /lib/x86_64-linux-gnu/libnss_nis-2.26.so
7f756fbb4000-7f756fbb5000 r--p 0000a000 08:01 1584633                    /lib/x86_64-linux-gnu/libnss_nis-2.26.so
7f756fbb5000-7f756fbb6000 rw-p 0000b000 08:01 1584633                    /lib/x86_64-linux-gnu/libnss_nis-2.26.so
7f756fbb6000-7f756fbcd000 r-xp 00000000 08:01 1584628                    /lib/x86_64-linux-gnu/libnsl-2.26.so
7f756fbcd000-7f756fdcc000 ---p 00017000 08:01 1584628                    /lib/x86_64-linux-gnu/libnsl-2.26.so
7f756fdcc000-7f756fdcd000 r--p 00016000 08:01 1584628                    /lib/x86_64-linux-gnu/libnsl-2.26.so
7f756fdcd000-7f756fdce000 rw-p 00017000 08:01 1584628                    /lib/x86_64-linux-gnu/libnsl-2.26.so
7f756fdce000-7f756fdd0000 rw-p 00000000 00:00 0 
7f756fdd0000-7f756fdfe000 r-xp 00000000 08:01 1074812                    /usr/lib/jvm/java-8-openjdk-amd64/jre/lib/amd64/libjava.so
7f756fdfe000-7f756fffd000 ---p 0002e000 08:01 1074812                    /usr/lib/jvm/java-8-openjdk-amd64/jre/lib/amd64/libjava.so
7f756fffd000-7f756fffe000 r--p 0002d000 08:01 1074812                    /usr/lib/jvm/java-8-openjdk-amd64/jre/lib/amd64/libjava.so
7f756fffe000-7f7570000000 rw-p 0002e000 08:01 1074812                    /usr/lib/jvm/java-8-openjdk-amd64/jre/lib/amd64/libjava.so
7f7570000000-7f7570033000 rw-p 00000000 00:00 0 
7f7570033000-7f7574000000 ---p 00000000 00:00 0 
7f7574014000-7f757401c000 r-xp 00000000 08:01 1584629                    /lib/x86_64-linux-gnu/libnss_compat-2.26.so
7f757401c000-7f757421b000 ---p 00008000 08:01 1584629                    /lib/x86_64-linux-gnu/libnss_compat-2.26.so
7f757421b000-7f757421c000 r--p 00007000 08:01 1584629                    /lib/x86_64-linux-gnu/libnss_compat-2.26.so
7f757421c000-7f757421d000 rw-p 00008000 08:01 1584629                    /lib/x86_64-linux-gnu/libnss_compat-2.26.so
7f757421d000-7f757422d000 r-xp 00000000 08:01 1074830                    /usr/lib/jvm/java-8-openjdk-amd64/jre/lib/amd64/libverify.so
7f757422d000-7f757442c000 ---p 00010000 08:01 1074830                    /usr/lib/jvm/java-8-openjdk-amd64/jre/lib/amd64/libverify.so
7f757442c000-7f757442e000 r--p 0000f000 08:01 1074830                    /usr/lib/jvm/java-8-openjdk-amd64/jre/lib/amd64/libverify.so
7f757442e000-7f757442f000 rw-p 00011000 08:01 1074830                    /usr/lib/jvm/java-8-openjdk-amd64/jre/lib/amd64/libverify.so
7f757442f000-7f7574436000 r-xp 00000000 08:01 1584638                    /lib/x86_64-linux-gnu/librt-2.26.so
7f7574436000-7f7574635000 ---p 00007000 08:01 1584638                    /lib/x86_64-linux-gnu/librt-2.26.so
7f7574635000-7f7574636000 r--p 00006000 08:01 1584638                    /lib/x86_64-linux-gnu/librt-2.26.so
7f7574636000-7f7574637000 rw-p 00007000 08:01 1584638                    /lib/x86_64-linux-gnu/librt-2.26.so
7f7574637000-7f757464d000 r-xp 00000000 08:01 1578302                    /lib/x86_64-linux-gnu/libgcc_s.so.1
7f757464d000-7f757484c000 ---p 00016000 08:01 1578302                    /lib/x86_64-linux-gnu/libgcc_s.so.1
7f757484c000-7f757484d000 r--p 00015000 08:01 1578302                    /lib/x86_64-linux-gnu/libgcc_s.so.1
7f757484d000-7f757484e000 rw-p 00016000 08:01 1578302                    /lib/x86_64-linux-gnu/libgcc_s.so.1
7f757484e000-7f75749a3000 r-xp 00000000 08:01 1578507                    /lib/x86_64-linux-gnu/libm-2.26.so
7f75749a3000-7f7574ba2000 ---p 00155000 08:01 1578507                    /lib/x86_64-linux-gnu/libm-2.26.so
7f7574ba2000-7f7574ba3000 r--p 00154000 08:01 1578507                    /lib/x86_64-linux-gnu/libm-2.26.so
7f7574ba3000-7f7574ba4000 rw-p 00155000 08:01 1578507                    /lib/x86_64-linux-gnu/libm-2.26.so
7f7574ba4000-7f7574d1c000 r-xp 00000000 08:01 657603                     /usr/lib/x86_64-linux-gnu/libstdc++.so.6.0.24
7f7574d1c000-7f7574f1b000 ---p 00178000 08:01 657603                     /usr/lib/x86_64-linux-gnu/libstdc++.so.6.0.24
7f7574f1b000-7f7574f25000 r--p 00177000 08:01 657603                     /usr/lib/x86_64-linux-gnu/libstdc++.so.6.0.24
7f7574f25000-7f7574f27000 rw-p 00181000 08:01 657603                     /usr/lib/x86_64-linux-gnu/libstdc++.so.6.0.24
7f7574f27000-7f7574f2a000 rw-p 00000000 00:00 0 
7f7574f2a000-7f7575bbb000 r-xp 00000000 08:01 1074834                    /usr/lib/jvm/java-8-openjdk-amd64/jre/lib/amd64/server/libjvm.so
7f7575bbb000-7f7575dbb000 ---p 00c91000 08:01 1074834                    /usr/lib/jvm/java-8-openjdk-amd64/jre/lib/amd64/server/libjvm.so
7f7575dbb000-7f7575e4e000 r--p 00c91000 08:01 1074834                    /usr/lib/jvm/java-8-openjdk-amd64/jre/lib/amd64/server/libjvm.so
7f7575e4e000-7f7575e76000 rw-p 00d24000 08:01 1074834                    /usr/lib/jvm/java-8-openjdk-amd64/jre/lib/amd64/server/libjvm.so
7f7575e76000-7f7575ea7000 rw-p 00000000 00:00 0 
7f7575ea7000-7f7575ec1000 r-xp 00000000 08:01 1584636                    /lib/x86_64-linux-gnu/libpthread-2.26.so
7f7575ec1000-7f75760c0000 ---p 0001a000 08:01 1584636                    /lib/x86_64-linux-gnu/libpthread-2.26.so
7f75760c0000-7f75760c1000 r--p 00019000 08:01 1584636                    /lib/x86_64-linux-gnu/libpthread-2.26.so
7f75760c1000-7f75760c2000 rw-p 0001a000 08:01 1584636                    /lib/x86_64-linux-gnu/libpthread-2.26.so
7f75760c2000-7f75760c6000 rw-p 00000000 00:00 0 
7f75760c6000-7f75760c9000 r-xp 00000000 08:01 1578504                    /lib/x86_64-linux-gnu/libdl-2.26.so
7f75760c9000-7f75762c8000 ---p 00003000 08:01 1578504                    /lib/x86_64-linux-gnu/libdl-2.26.so
7f75762c8000-7f75762c9000 r--p 00002000 08:01 1578504                    /lib/x86_64-linux-gnu/libdl-2.26.so
7f75762c9000-7f75762ca000 rw-p 00003000 08:01 1578504                    /lib/x86_64-linux-gnu/libdl-2.26.so
7f75762ca000-7f75762e6000 r-xp 00000000 08:01 1578435                    /lib/x86_64-linux-gnu/libz.so.1.2.11
7f75762e6000-7f75764e5000 ---p 0001c000 08:01 1578435                    /lib/x86_64-linux-gnu/libz.so.1.2.11
7f75764e5000-7f75764e6000 r--p 0001b000 08:01 1578435                    /lib/x86_64-linux-gnu/libz.so.1.2.11
7f75764e6000-7f75764e7000 rw-p 0001c000 08:01 1578435                    /lib/x86_64-linux-gnu/libz.so.1.2.11
7f75764e7000-7f75766bd000 r-xp 00000000 08:01 1578397                    /lib/x86_64-linux-gnu/libc-2.26.so
7f75766bd000-7f75768bd000 ---p 001d6000 08:01 1578397                    /lib/x86_64-linux-gnu/libc-2.26.so
7f75768bd000-7f75768c1000 r--p 001d6000 08:01 1578397                    /lib/x86_64-linux-gnu/libc-2.26.so
7f75768c1000-7f75768c3000 rw-p 001da000 08:01 1578397                    /lib/x86_64-linux-gnu/libc-2.26.so
7f75768c3000-7f75768c7000 rw-p 00000000 00:00 0 
7f75768c7000-7f75768d5000 r-xp 00000000 08:01 1212569                    /usr/lib/jvm/java-8-openjdk-amd64/jre/lib/amd64/jli/libjli.so
7f75768d5000-7f7576ad4000 ---p 0000e000 08:01 1212569                    /usr/lib/jvm/java-8-openjdk-amd64/jre/lib/amd64/jli/libjli.so
7f7576ad4000-7f7576ad5000 r--p 0000d000 08:01 1212569                    /usr/lib/jvm/java-8-openjdk-amd64/jre/lib/amd64/jli/libjli.so
7f7576ad5000-7f7576ad6000 rw-p 0000e000 08:01 1212569                    /usr/lib/jvm/java-8-openjdk-amd64/jre/lib/amd64/jli/libjli.so
7f7576ad6000-7f7576afd000 r-xp 00000000 08:01 1578316                    /lib/x86_64-linux-gnu/ld-2.26.so
7f7576bde000-7f7576be1000 ---p 00000000 00:00 0 
7f7576be1000-7f7576ce1000 rw-p 00000000 00:00 0 
7f7576cf1000-7f7576cf9000 rw-s 00000000 08:01 414835                     /tmp/hsperfdata_hydra/16673
7f7576cf9000-7f7576cfa000 rw-p 00000000 00:00 0 
7f7576cfa000-7f7576cfb000 r--p 00000000 00:00 0 
7f7576cfb000-7f7576cfd000 rw-p 00000000 00:00 0 
7f7576cfd000-7f7576cfe000 r--p 00027000 08:01 1578316                    /lib/x86_64-linux-gnu/ld-2.26.so
7f7576cfe000-7f7576cff000 rw-p 00028000 08:01 1578316                    /lib/x86_64-linux-gnu/ld-2.26.so
7f7576cff000-7f7576d00000 rw-p 00000000 00:00 0 
7ffe24971000-7ffe24992000 rw-p 00000000 00:00 0                          [stack]
7ffe249c6000-7ffe249c9000 r--p 00000000 00:00 0                          [vvar]
7ffe249c9000-7ffe249cb000 r-xp 00000000 00:00 0                          [vdso]
ffffffffff600000-ffffffffff601000 r-xp 00000000 00:00 0                  [vsyscall]

VM Arguments:
jvm_args: -Xmx12G -Xms512M 
java_command: /home/hydra/Downloads/UltimateAutomizer-linux/UAutomizer-linux/plugins/org.eclipse.equinox.launcher_1.3.100.v20150511-1540.jar -os linux -ws gtk -arch x86_64 -launcher /home/hydra/Downloads/UltimateAutomizer-linux/UAutomizer-linux/Ultimate -name Ultimate --launcher.library /home/hydra/Downloads/UltimateAutomizer-linux/UAutomizer-linux/plugins/org.eclipse.equinox.launcher.gtk.linux.x86_64_1.1.300.v20150602-1417/eclipse_1612.so -startup /home/hydra/Downloads/UltimateAutomizer-linux/UAutomizer-linux/plugins/org.eclipse.equinox.launcher_1.3.100.v20150511-1540.jar --launcher.overrideVmargs -exitdata c9801f -consoleLog --console -data @user.home/.ultimate -tc AutomataScriptInterpreter.xml -i ./temp/apna_ats.ats -vm /usr/bin/java -vmargs -Xmx12G -Xms512M -jar /home/hydra/Downloads/UltimateAutomizer-linux/UAutomizer-linux/plugins/org.eclipse.equinox.launcher_1.3.100.v20150511-1540.jar
java_class_path (initial): /home/hydra/Downloads/UltimateAutomizer-linux/UAutomizer-linux/plugins/org.eclipse.equinox.launcher_1.3.100.v20150511-1540.jar
Launcher Type: SUN_STANDARD

Environment Variables:
PATH=/usr/local/sbin:/usr/local/bin:/usr/sbin:/usr/bin:/sbin:/bin:/usr/games:/usr/local/games:/snap/bin
USERNAME=hydra
SHELL=/bin/bash
DISPLAY=:0

Signal Handlers:
SIGSEGV: [libjvm.so+0xaabe00], sa_mask[0]=11111111011111111101111111111110, sa_flags=SA_RESTART|SA_SIGINFO
SIGBUS: [libjvm.so+0xaabe00], sa_mask[0]=11111111011111111101111111111110, sa_flags=SA_RESTART|SA_SIGINFO
SIGFPE: [libjvm.so+0x8e1dd0], sa_mask[0]=11111111011111111101111111111110, sa_flags=SA_RESTART|SA_SIGINFO
SIGPIPE: [libjvm.so+0x8e1dd0], sa_mask[0]=11111111011111111101111111111110, sa_flags=SA_RESTART|SA_SIGINFO
SIGXFSZ: [libjvm.so+0x8e1dd0], sa_mask[0]=11111111011111111101111111111110, sa_flags=SA_RESTART|SA_SIGINFO
SIGILL: [libjvm.so+0x8e1dd0], sa_mask[0]=11111111011111111101111111111110, sa_flags=SA_RESTART|SA_SIGINFO
SIGUSR1: SIG_DFL, sa_mask[0]=00000000000000000000000000000000, sa_flags=none
SIGUSR2: [libjvm.so+0x8e1c80], sa_mask[0]=00000000000000000000000000000000, sa_flags=SA_RESTART|SA_SIGINFO
SIGHUP: SIG_DFL, sa_mask[0]=00000000000000000000000000000000, sa_flags=none
SIGINT: SIG_DFL, sa_mask[0]=00000000000000000000000000000000, sa_flags=none
SIGTERM: SIG_DFL, sa_mask[0]=00000000000000000000000000000000, sa_flags=none
SIGQUIT: SIG_DFL, sa_mask[0]=00000000000000000000000000000000, sa_flags=none


---------------  S Y S T E M  ---------------

OS:DISTRIB_ID=Ubuntu
DISTRIB_RELEASE=17.10
DISTRIB_CODENAME=artful
DISTRIB_DESCRIPTION="Ubuntu 17.10"

uname:Linux 4.13.0-46-generic #51-Ubuntu SMP Tue Jun 12 12:36:29 UTC 2018 x86_64
libc:glibc 2.26 NPTL 2.26 
rlimit: STACK 8192k, CORE 0k, NPROC 15567, NOFILE 4096, AS infinity
load average:1.77 1.13 0.78

/proc/meminfo:
MemTotal:        4039808 kB
MemFree:          116144 kB
MemAvailable:     135552 kB
Buffers:            5584 kB
Cached:           274996 kB
SwapCached:        16060 kB
Active:          3061676 kB
Inactive:         634952 kB
Active(anon):    2908512 kB
Inactive(anon):   580376 kB
Active(file):     153164 kB
Inactive(file):    54576 kB
Unevictable:          16 kB
Mlocked:              16 kB
SwapTotal:       1459804 kB
SwapFree:          55972 kB
Dirty:                76 kB
Writeback:          3956 kB
AnonPages:       3407024 kB
Mapped:           185244 kB
Shmem:             72832 kB
Slab:              76340 kB
SReclaimable:      29556 kB
SUnreclaim:        46784 kB
KernelStack:       19024 kB
PageTables:        82272 kB
NFS_Unstable:          0 kB
Bounce:                0 kB
WritebackTmp:          0 kB
CommitLimit:     3479708 kB
Committed_AS:   33408232 kB
VmallocTotal:   34359738367 kB
VmallocUsed:           0 kB
VmallocChunk:          0 kB
HardwareCorrupted:     0 kB
AnonHugePages:         0 kB
ShmemHugePages:        0 kB
ShmemPmdMapped:        0 kB
CmaTotal:              0 kB
CmaFree:               0 kB
HugePages_Total:       0
HugePages_Free:        0
HugePages_Rsvd:        0
HugePages_Surp:        0
Hugepagesize:       2048 kB
DirectMap4k:      151488 kB
DirectMap2M:     4042752 kB


CPU:total 2 (initial active 2) (2 cores per cpu, 1 threads per core) family 6 model 158 stepping 9, cmov, cx8, fxsr, mmx, sse, sse2, sse3, ssse3, sse4.1, sse4.2, popcnt, avx, avx2, aes, clmul, 3dnowpref, lzcnt, tsc, tscinvbit

/proc/cpuinfo:
processor	: 0
vendor_id	: GenuineIntel
cpu family	: 6
model		: 158
model name	: Intel(R) Core(TM) i7-7700HQ CPU @ 2.80GHz
stepping	: 9
cpu MHz		: 2808.004
cache size	: 6144 KB
physical id	: 0
siblings	: 2
core id		: 0
cpu cores	: 2
apicid		: 0
initial apicid	: 0
fpu		: yes
fpu_exception	: yes
cpuid level	: 22
wp		: yes
flags		: fpu vme de pse tsc msr pae mce cx8 apic sep mtrr pge mca cmov pat pse36 clflush mmx fxsr sse sse2 ht syscall nx rdtscp lm constant_tsc rep_good nopl xtopology nonstop_tsc cpuid pni pclmulqdq ssse3 cx16 pcid sse4_1 sse4_2 x2apic movbe popcnt aes xsave avx rdrand hypervisor lahf_lm abm 3dnowprefetch invpcid_single pti retpoline rsb_ctxsw fsgsbase avx2 invpcid rdseed clflushopt
bugs		: cpu_meltdown spectre_v1 spectre_v2 spec_store_bypass
bogomips	: 5616.00
clflush size	: 64
cache_alignment	: 64
address sizes	: 39 bits physical, 48 bits virtual
power management:

processor	: 1
vendor_id	: GenuineIntel
cpu family	: 6
model		: 158
model name	: Intel(R) Core(TM) i7-7700HQ CPU @ 2.80GHz
stepping	: 9
cpu MHz		: 2808.004
cache size	: 6144 KB
physical id	: 0
siblings	: 2
core id		: 1
cpu cores	: 2
apicid		: 1
initial apicid	: 1
fpu		: yes
fpu_exception	: yes
cpuid level	: 22
wp		: yes
flags		: fpu vme de pse tsc msr pae mce cx8 apic sep mtrr pge mca cmov pat pse36 clflush mmx fxsr sse sse2 ht syscall nx rdtscp lm constant_tsc rep_good nopl xtopology nonstop_tsc cpuid pni pclmulqdq ssse3 cx16 pcid sse4_1 sse4_2 x2apic movbe popcnt aes xsave avx rdrand hypervisor lahf_lm abm 3dnowprefetch invpcid_single pti retpoline rsb_ctxsw fsgsbase avx2 invpcid rdseed clflushopt
bugs		: cpu_meltdown spectre_v1 spectre_v2 spec_store_bypass
bogomips	: 5616.00
clflush size	: 64
cache_alignment	: 64
address sizes	: 39 bits physical, 48 bits virtual
power management:



Memory: 4k page, physical 4039808k(116144k free), swap 1459804k(55972k free)

vm_info: OpenJDK 64-Bit Server VM (25.171-b11) for linux-amd64 JRE (1.8.0_171-8u171-b11-0ubuntu0.17.10.1-b11), built on Apr 26 2018 15:59:34 by "buildd" with gcc 7.2.0

time: Mon Oct 29 15:07:14 2018
elapsed time: 1 seconds (0d 0h 0m 1s)

